Base path: D:/Unity/Editor/2018.2.7f1/Editor/Data
Cmd: initializeCompiler
Cmd: compileComputeKernel
  api=4 insize=13247 outsize=91265 ok=1
Cmd: compileComputeKernel
  api=4 insize=13247 outsize=46725 ok=1
Cmd: compileComputeKernel
  api=4 insize=25381 outsize=15909 ok=1
Cmd: compileComputeKernel
  api=4 insize=2351 outsize=2561 ok=1
Cmd: compileComputeKernel
  api=4 insize=9166 outsize=8665 ok=1
Cmd: compileComputeKernel
  api=4 insize=2868 outsize=897 ok=1
Cmd: compileComputeKernel
  api=4 insize=19653 outsize=94469 ok=1
Cmd: compileComputeKernel
  api=4 insize=32699 outsize=32649 ok=1
Cmd: compileComputeKernel
  api=4 insize=16784 outsize=6893 ok=1
Cmd: compileComputeKernel
  api=4 insize=16784 outsize=7485 ok=1
Cmd: compileComputeKernel
  api=4 insize=16784 outsize=7789 ok=1
Cmd: compileComputeKernel
  api=4 insize=16784 outsize=6181 ok=1
Cmd: compileComputeKernel
  api=4 insize=16784 outsize=7261 ok=1
Cmd: compileComputeKernel
  api=4 insize=16784 outsize=6685 ok=1
Cmd: compileComputeKernel
  api=4 insize=16784 outsize=8077 ok=1
Cmd: compileComputeKernel
  api=4 insize=16784 outsize=9941 ok=1
Cmd: compileComputeKernel
  api=4 insize=16784 outsize=10773 ok=1
Cmd: initializeCompiler
Cmd: initializeCompiler
Cmd: initializeCompiler
Cmd: initializeCompiler
Cmd: compileSnippet
  api=4 type=0 insize=44133 outsize=1666 kw=DIRLIGHTMAP_COMBINED pd=UNITY_ENABLE_REFLECTION_BUFFERS UNITY_USE_DITHER_MASK_FOR_ALPHABLENDED_SHADOWS UNITY_PBS_USE_BRDF1 UNITY_SPECCUBE_BOX_PROJECTION UNITY_SPECCUBE_BLENDING UNITY_ENABLE_DETAIL_NORMALMAP SHADER_API_DESKTOP UNITY_LIGHT_PROBE_PROXY_VOLUME UNITY_LIGHTMAP_FULL_HDR ok=1
Cmd: disassembleShader
  api=4 insize=1666 outsize=2954 ok=1
Cmd: compileSnippet
  api=4 type=0 insize=42199 outsize=922 kw=DIRLIGHTMAP_COMBINED DEBUG_DISPLAY pd=UNITY_ENABLE_REFLECTION_BUFFERS UNITY_USE_DITHER_MASK_FOR_ALPHABLENDED_SHADOWS UNITY_PBS_USE_BRDF1 UNITY_SPECCUBE_BOX_PROJECTION UNITY_SPECCUBE_BLENDING UNITY_ENABLE_DETAIL_NORMALMAP SHADER_API_DESKTOP UNITY_LIGHT_PROBE_PROXY_VOLUME UNITY_LIGHTMAP_FULL_HDR ok=1
Cmd: disassembleShader
  api=4 insize=922 outsize=1684 ok=1
Cmd: disassembleShader
  api=4 insize=938 outsize=1735 ok=1
Cmd: compileSnippet
  api=4 type=0 insize=43131 outsize=1462 kw=DIRLIGHTMAP_COMBINED LIGHTLOOP_SINGLE_PASS USE_FPTL_LIGHTLIST pd=UNITY_ENABLE_REFLECTION_BUFFERS UNITY_USE_DITHER_MASK_FOR_ALPHABLENDED_SHADOWS UNITY_PBS_USE_BRDF1 UNITY_SPECCUBE_BOX_PROJECTION UNITY_SPECCUBE_BLENDING UNITY_ENABLE_DETAIL_NORMALMAP SHADER_API_DESKTOP UNITY_LIGHT_PROBE_PROXY_VOLUME UNITY_LIGHTMAP_FULL_HDR ok=1
Cmd: disassembleShader
  api=4 insize=1462 outsize=2505 ok=1
Cmd: compileSnippet
  api=4 type=0 insize=43131 outsize=1462 kw=LIGHTLOOP_TILE_PASS DEBUG_DISPLAY USE_FPTL_LIGHTLIST pd=UNITY_ENABLE_REFLECTION_BUFFERS UNITY_USE_DITHER_MASK_FOR_ALPHABLENDED_SHADOWS UNITY_PBS_USE_BRDF1 UNITY_SPECCUBE_BOX_PROJECTION UNITY_SPECCUBE_BLENDING UNITY_ENABLE_DETAIL_NORMALMAP SHADER_API_DESKTOP UNITY_LIGHT_PROBE_PROXY_VOLUME UNITY_LIGHTMAP_FULL_HDR ok=1
Cmd: disassembleShader
  api=4 insize=1462 outsize=2505 ok=1
Cmd: compileSnippet
  error: 1 plat 4 at CoreRP/ShaderLibrary/AreaLighting.hlsl(24): floating point division by zero\nCompiling Fragment program with DIRLIGHTMAP_COMBINED LIGHTLOOP_TILE_PASS USE_FPTL_LIGHTLIST
Platform defines: UNITY_ENABLE_REFLECTION_BUFFERS UNITY_USE_DITHER_MASK_FOR_ALPHABLENDED_SHADOWS UNITY_PBS_USE_BRDF1 UNITY_SPECCUBE_BOX_PROJECTION UNITY_SPECCUBE_BLENDING UNITY_ENABLE_DETAIL_NORMALMAP SHADER_API_DESKTOP UNITY_LIGHT_PROBE_PROXY_VOLUME UNITY_LIGHTMAP_FULL_HDR
  error: 1 plat 4 at CoreRP/ShaderLibrary/AreaLighting.hlsl(150): floating point division by zero\nCompiling Fragment program with DIRLIGHTMAP_COMBINED LIGHTLOOP_TILE_PASS USE_FPTL_LIGHTLIST
Platform defines: UNITY_ENABLE_REFLECTION_BUFFERS UNITY_USE_DITHER_MASK_FOR_ALPHABLENDED_SHADOWS UNITY_PBS_USE_BRDF1 UNITY_SPECCUBE_BOX_PROJECTION UNITY_SPECCUBE_BLENDING UNITY_ENABLE_DETAIL_NORMALMAP SHADER_API_DESKTOP UNITY_LIGHT_PROBE_PROXY_VOLUME UNITY_LIGHTMAP_FULL_HDR
  error: 1 plat 4 at Lit/Lit.hlsl(932): floating point division by zero\nCompiling Fragment program with DIRLIGHTMAP_COMBINED LIGHTLOOP_TILE_PASS USE_FPTL_LIGHTLIST
Platform defines: UNITY_ENABLE_REFLECTION_BUFFERS UNITY_USE_DITHER_MASK_FOR_ALPHABLENDED_SHADOWS UNITY_PBS_USE_BRDF1 UNITY_SPECCUBE_BOX_PROJECTION UNITY_SPECCUBE_BLENDING UNITY_ENABLE_DETAIL_NORMALMAP SHADER_API_DESKTOP UNITY_LIGHT_PROBE_PROXY_VOLUME UNITY_LIGHTMAP_FULL_HDR
  api=4 type=1 insize=43131 outsize=21406 kw=DIRLIGHTMAP_COMBINED LIGHTLOOP_TILE_PASS USE_FPTL_LIGHTLIST pd=UNITY_ENABLE_REFLECTION_BUFFERS UNITY_USE_DITHER_MASK_FOR_ALPHABLENDED_SHADOWS UNITY_PBS_USE_BRDF1 UNITY_SPECCUBE_BOX_PROJECTION UNITY_SPECCUBE_BLENDING UNITY_ENABLE_DETAIL_NORMALMAP SHADER_API_DESKTOP UNITY_LIGHT_PROBE_PROXY_VOLUME UNITY_LIGHTMAP_FULL_HDR ok=1
Cmd: disassembleShader
  api=4 insize=21406 outsize=33899 ok=1
Cmd: disassembleShader
  api=4 insize=1462 outsize=2505 ok=1
Cmd: disassembleShader
  api=4 insize=1462 outsize=2505 ok=1
Cmd: disassembleShader
  api=4 insize=20610 outsize=32694 ok=1
Cmd: compileSnippet
  error: 1 plat 4 at CoreRP/ShaderLibrary/AreaLighting.hlsl(24): floating point division by zero\nCompiling Fragment program with LIGHTLOOP_SINGLE_PASS DEBUG_DISPLAY USE_FPTL_LIGHTLIST
Platform defines: UNITY_ENABLE_REFLECTION_BUFFERS UNITY_USE_DITHER_MASK_FOR_ALPHABLENDED_SHADOWS UNITY_PBS_USE_BRDF1 UNITY_SPECCUBE_BOX_PROJECTION UNITY_SPECCUBE_BLENDING UNITY_ENABLE_DETAIL_NORMALMAP SHADER_API_DESKTOP UNITY_LIGHT_PROBE_PROXY_VOLUME UNITY_LIGHTMAP_FULL_HDR
  error: 1 plat 4 at CoreRP/ShaderLibrary/AreaLighting.hlsl(150): floating point division by zero\nCompiling Fragment program with LIGHTLOOP_SINGLE_PASS DEBUG_DISPLAY USE_FPTL_LIGHTLIST
Platform defines: UNITY_ENABLE_REFLECTION_BUFFERS UNITY_USE_DITHER_MASK_FOR_ALPHABLENDED_SHADOWS UNITY_PBS_USE_BRDF1 UNITY_SPECCUBE_BOX_PROJECTION UNITY_SPECCUBE_BLENDING UNITY_ENABLE_DETAIL_NORMALMAP SHADER_API_DESKTOP UNITY_LIGHT_PROBE_PROXY_VOLUME UNITY_LIGHTMAP_FULL_HDR
  error: 1 plat 4 at Lit/Lit.hlsl(932): floating point division by zero\nCompiling Fragment program with LIGHTLOOP_SINGLE_PASS DEBUG_DISPLAY USE_FPTL_LIGHTLIST
Platform defines: UNITY_ENABLE_REFLECTION_BUFFERS UNITY_USE_DITHER_MASK_FOR_ALPHABLENDED_SHADOWS UNITY_PBS_USE_BRDF1 UNITY_SPECCUBE_BOX_PROJECTION UNITY_SPECCUBE_BLENDING UNITY_ENABLE_DETAIL_NORMALMAP SHADER_API_DESKTOP UNITY_LIGHT_PROBE_PROXY_VOLUME UNITY_LIGHTMAP_FULL_HDR
  api=4 type=1 insize=43131 outsize=40958 kw=LIGHTLOOP_SINGLE_PASS DEBUG_DISPLAY USE_FPTL_LIGHTLIST pd=UNITY_ENABLE_REFLECTION_BUFFERS UNITY_USE_DITHER_MASK_FOR_ALPHABLENDED_SHADOWS UNITY_PBS_USE_BRDF1 UNITY_SPECCUBE_BOX_PROJECTION UNITY_SPECCUBE_BLENDING UNITY_ENABLE_DETAIL_NORMALMAP SHADER_API_DESKTOP UNITY_LIGHT_PROBE_PROXY_VOLUME UNITY_LIGHTMAP_FULL_HDR ok=1
Cmd: disassembleShader
  api=4 insize=40958 outsize=71632 ok=1
Cmd: compileSnippet
  error: 1 plat 4 at CoreRP/ShaderLibrary/AreaLighting.hlsl(24): floating point division by zero\nCompiling Fragment program with DIRLIGHTMAP_COMBINED LIGHTLOOP_TILE_PASS DEBUG_DISPLAY USE_CLUSTERED_LIGHTLIST
Platform defines: UNITY_ENABLE_REFLECTION_BUFFERS UNITY_USE_DITHER_MASK_FOR_ALPHABLENDED_SHADOWS UNITY_PBS_USE_BRDF1 UNITY_SPECCUBE_BOX_PROJECTION UNITY_SPECCUBE_BLENDING UNITY_ENABLE_DETAIL_NORMALMAP SHADER_API_DESKTOP UNITY_LIGHT_PROBE_PROXY_VOLUME UNITY_LIGHTMAP_FULL_HDR
  error: 1 plat 4 at CoreRP/ShaderLibrary/AreaLighting.hlsl(150): floating point division by zero\nCompiling Fragment program with DIRLIGHTMAP_COMBINED LIGHTLOOP_TILE_PASS DEBUG_DISPLAY USE_CLUSTERED_LIGHTLIST
Platform defines: UNITY_ENABLE_REFLECTION_BUFFERS UNITY_USE_DITHER_MASK_FOR_ALPHABLENDED_SHADOWS UNITY_PBS_USE_BRDF1 UNITY_SPECCUBE_BOX_PROJECTION UNITY_SPECCUBE_BLENDING UNITY_ENABLE_DETAIL_NORMALMAP SHADER_API_DESKTOP UNITY_LIGHT_PROBE_PROXY_VOLUME UNITY_LIGHTMAP_FULL_HDR
  error: 1 plat 4 at Lit/Lit.hlsl(932): floating point division by zero\nCompiling Fragment program with DIRLIGHTMAP_COMBINED LIGHTLOOP_TILE_PASS DEBUG_DISPLAY USE_CLUSTERED_LIGHTLIST
Platform defines: UNITY_ENABLE_REFLECTION_BUFFERS UNITY_USE_DITHER_MASK_FOR_ALPHABLENDED_SHADOWS UNITY_PBS_USE_BRDF1 UNITY_SPECCUBE_BOX_PROJECTION UNITY_SPECCUBE_BLENDING UNITY_ENABLE_DETAIL_NORMALMAP SHADER_API_DESKTOP UNITY_LIGHT_PROBE_PROXY_VOLUME UNITY_LIGHTMAP_FULL_HDR
  api=4 type=1 insize=43131 outsize=42538 kw=DIRLIGHTMAP_COMBINED LIGHTLOOP_TILE_PASS DEBUG_DISPLAY USE_CLUSTERED_LIGHTLIST pd=UNITY_ENABLE_REFLECTION_BUFFERS UNITY_USE_DITHER_MASK_FOR_ALPHABLENDED_SHADOWS UNITY_PBS_USE_BRDF1 UNITY_SPECCUBE_BOX_PROJECTION UNITY_SPECCUBE_BLENDING UNITY_ENABLE_DETAIL_NORMALMAP SHADER_API_DESKTOP UNITY_LIGHT_PROBE_PROXY_VOLUME UNITY_LIGHTMAP_FULL_HDR ok=1
Cmd: disassembleShader
  api=4 insize=42538 outsize=74073 ok=1
Cmd: initializeCompiler
Cmd: initializeCompiler
Cmd: initializeCompiler
Cmd: initializeCompiler
Cmd: initializeCompiler
Cmd: initializeCompiler
Cmd: initializeCompiler
