Base path: D:/Unity/Editor/2018.2.7f1/Editor/Data
Cmd: initializeCompiler
Cmd: compileComputeKernel
  api=4 insize=13247 outsize=89437 ok=1
Cmd: compileComputeKernel
  api=4 insize=13247 outsize=31245 ok=1
Cmd: compileComputeKernel
  api=4 insize=13247 outsize=29849 ok=1
Cmd: compileComputeKernel
  api=4 insize=13247 outsize=74317 ok=1
Cmd: compileComputeKernel
  api=4 insize=25381 outsize=14193 ok=1
Cmd: compileComputeKernel
  api=4 insize=18144 outsize=14105 ok=1
Cmd: compileComputeKernel
  api=4 insize=1470 outsize=577 ok=1
Cmd: compileComputeKernel
  api=4 insize=654 outsize=573 ok=1
Cmd: compileComputeKernel
  api=4 insize=32699 outsize=43885 ok=1
Cmd: compileComputeKernel
  api=4 insize=15985 outsize=6213 ok=1
Cmd: compileComputeKernel
  api=4 insize=16784 outsize=5809 ok=1
Cmd: compileComputeKernel
  api=4 insize=16784 outsize=6313 ok=1
Cmd: compileComputeKernel
  api=4 insize=16784 outsize=8013 ok=1
Cmd: compileComputeKernel
  api=4 insize=16784 outsize=8773 ok=1
Cmd: compileComputeKernel
  api=4 insize=16784 outsize=8269 ok=1
Cmd: compileComputeKernel
  api=4 insize=16784 outsize=8501 ok=1
Cmd: compileComputeKernel
  api=4 insize=16784 outsize=8277 ok=1
Cmd: compileComputeKernel
  api=4 insize=16784 outsize=10245 ok=1
Cmd: initializeCompiler
Cmd: initializeCompiler
Cmd: initializeCompiler
Cmd: initializeCompiler
Cmd: disassembleShader
  api=4 insize=922 outsize=1684 ok=1
Cmd: compileSnippet
  api=4 type=0 insize=43131 outsize=1462 kw=DIRLIGHTMAP_COMBINED LIGHTLOOP_TILE_PASS USE_FPTL_LIGHTLIST pd=UNITY_ENABLE_REFLECTION_BUFFERS UNITY_USE_DITHER_MASK_FOR_ALPHABLENDED_SHADOWS UNITY_PBS_USE_BRDF1 UNITY_SPECCUBE_BOX_PROJECTION UNITY_SPECCUBE_BLENDING UNITY_ENABLE_DETAIL_NORMALMAP SHADER_API_DESKTOP UNITY_LIGHT_PROBE_PROXY_VOLUME UNITY_LIGHTMAP_FULL_HDR ok=1
Cmd: disassembleShader
  api=4 insize=1462 outsize=2505 ok=1
Cmd: compileSnippet
  api=4 type=0 insize=43131 outsize=1462 kw=DIRLIGHTMAP_COMBINED LIGHTLOOP_TILE_PASS DEBUG_DISPLAY USE_FPTL_LIGHTLIST pd=UNITY_ENABLE_REFLECTION_BUFFERS UNITY_USE_DITHER_MASK_FOR_ALPHABLENDED_SHADOWS UNITY_PBS_USE_BRDF1 UNITY_SPECCUBE_BOX_PROJECTION UNITY_SPECCUBE_BLENDING UNITY_ENABLE_DETAIL_NORMALMAP SHADER_API_DESKTOP UNITY_LIGHT_PROBE_PROXY_VOLUME UNITY_LIGHTMAP_FULL_HDR ok=1
Cmd: disassembleShader
  api=4 insize=1462 outsize=2505 ok=1
Cmd: compileSnippet
  error: 1 plat 4 at CoreRP/ShaderLibrary/AreaLighting.hlsl(24): floating point division by zero\nCompiling Fragment program with DIRLIGHTMAP_COMBINED LIGHTLOOP_SINGLE_PASS USE_CLUSTERED_LIGHTLIST
Platform defines: UNITY_ENABLE_REFLECTION_BUFFERS UNITY_USE_DITHER_MASK_FOR_ALPHABLENDED_SHADOWS UNITY_PBS_USE_BRDF1 UNITY_SPECCUBE_BOX_PROJECTION UNITY_SPECCUBE_BLENDING UNITY_ENABLE_DETAIL_NORMALMAP SHADER_API_DESKTOP UNITY_LIGHT_PROBE_PROXY_VOLUME UNITY_LIGHTMAP_FULL_HDR
  error: 1 plat 4 at CoreRP/ShaderLibrary/AreaLighting.hlsl(150): floating point division by zero\nCompiling Fragment program with DIRLIGHTMAP_COMBINED LIGHTLOOP_SINGLE_PASS USE_CLUSTERED_LIGHTLIST
Platform defines: UNITY_ENABLE_REFLECTION_BUFFERS UNITY_USE_DITHER_MASK_FOR_ALPHABLENDED_SHADOWS UNITY_PBS_USE_BRDF1 UNITY_SPECCUBE_BOX_PROJECTION UNITY_SPECCUBE_BLENDING UNITY_ENABLE_DETAIL_NORMALMAP SHADER_API_DESKTOP UNITY_LIGHT_PROBE_PROXY_VOLUME UNITY_LIGHTMAP_FULL_HDR
  error: 1 plat 4 at Lit/Lit.hlsl(932): floating point division by zero\nCompiling Fragment program with DIRLIGHTMAP_COMBINED LIGHTLOOP_SINGLE_PASS USE_CLUSTERED_LIGHTLIST
Platform defines: UNITY_ENABLE_REFLECTION_BUFFERS UNITY_USE_DITHER_MASK_FOR_ALPHABLENDED_SHADOWS UNITY_PBS_USE_BRDF1 UNITY_SPECCUBE_BOX_PROJECTION UNITY_SPECCUBE_BLENDING UNITY_ENABLE_DETAIL_NORMALMAP SHADER_API_DESKTOP UNITY_LIGHT_PROBE_PROXY_VOLUME UNITY_LIGHTMAP_FULL_HDR
  api=4 type=1 insize=43131 outsize=20610 kw=DIRLIGHTMAP_COMBINED LIGHTLOOP_SINGLE_PASS USE_CLUSTERED_LIGHTLIST pd=UNITY_ENABLE_REFLECTION_BUFFERS UNITY_USE_DITHER_MASK_FOR_ALPHABLENDED_SHADOWS UNITY_PBS_USE_BRDF1 UNITY_SPECCUBE_BOX_PROJECTION UNITY_SPECCUBE_BLENDING UNITY_ENABLE_DETAIL_NORMALMAP SHADER_API_DESKTOP UNITY_LIGHT_PROBE_PROXY_VOLUME UNITY_LIGHTMAP_FULL_HDR ok=1
Cmd: disassembleShader
  api=4 insize=20610 outsize=32694 ok=1
Cmd: disassembleShader
  api=4 insize=922 outsize=1684 ok=1
Cmd: disassembleShader
  api=4 insize=5034 outsize=7785 ok=1
Cmd: disassembleShader
  api=4 insize=1462 outsize=2505 ok=1
Cmd: disassembleShader
  api=4 insize=1462 outsize=2505 ok=1
Cmd: disassembleShader
  api=4 insize=20610 outsize=32694 ok=1
Cmd: compileSnippet
  error: 1 plat 4 at CoreRP/ShaderLibrary/AreaLighting.hlsl(24): floating point division by zero\nCompiling Fragment program with LIGHTLOOP_SINGLE_PASS DEBUG_DISPLAY USE_CLUSTERED_LIGHTLIST
Platform defines: UNITY_ENABLE_REFLECTION_BUFFERS UNITY_USE_DITHER_MASK_FOR_ALPHABLENDED_SHADOWS UNITY_PBS_USE_BRDF1 UNITY_SPECCUBE_BOX_PROJECTION UNITY_SPECCUBE_BLENDING UNITY_ENABLE_DETAIL_NORMALMAP SHADER_API_DESKTOP UNITY_LIGHT_PROBE_PROXY_VOLUME UNITY_LIGHTMAP_FULL_HDR
  error: 1 plat 4 at CoreRP/ShaderLibrary/AreaLighting.hlsl(150): floating point division by zero\nCompiling Fragment program with LIGHTLOOP_SINGLE_PASS DEBUG_DISPLAY USE_CLUSTERED_LIGHTLIST
Platform defines: UNITY_ENABLE_REFLECTION_BUFFERS UNITY_USE_DITHER_MASK_FOR_ALPHABLENDED_SHADOWS UNITY_PBS_USE_BRDF1 UNITY_SPECCUBE_BOX_PROJECTION UNITY_SPECCUBE_BLENDING UNITY_ENABLE_DETAIL_NORMALMAP SHADER_API_DESKTOP UNITY_LIGHT_PROBE_PROXY_VOLUME UNITY_LIGHTMAP_FULL_HDR
  error: 1 plat 4 at Lit/Lit.hlsl(932): floating point division by zero\nCompiling Fragment program with LIGHTLOOP_SINGLE_PASS DEBUG_DISPLAY USE_CLUSTERED_LIGHTLIST
Platform defines: UNITY_ENABLE_REFLECTION_BUFFERS UNITY_USE_DITHER_MASK_FOR_ALPHABLENDED_SHADOWS UNITY_PBS_USE_BRDF1 UNITY_SPECCUBE_BOX_PROJECTION UNITY_SPECCUBE_BLENDING UNITY_ENABLE_DETAIL_NORMALMAP SHADER_API_DESKTOP UNITY_LIGHT_PROBE_PROXY_VOLUME UNITY_LIGHTMAP_FULL_HDR
  api=4 type=1 insize=43131 outsize=40958 kw=LIGHTLOOP_SINGLE_PASS DEBUG_DISPLAY USE_CLUSTERED_LIGHTLIST pd=UNITY_ENABLE_REFLECTION_BUFFERS UNITY_USE_DITHER_MASK_FOR_ALPHABLENDED_SHADOWS UNITY_PBS_USE_BRDF1 UNITY_SPECCUBE_BOX_PROJECTION UNITY_SPECCUBE_BLENDING UNITY_ENABLE_DETAIL_NORMALMAP SHADER_API_DESKTOP UNITY_LIGHT_PROBE_PROXY_VOLUME UNITY_LIGHTMAP_FULL_HDR ok=1
Cmd: disassembleShader
  api=4 insize=40958 outsize=71632 ok=1
Cmd: initializeCompiler
Cmd: initializeCompiler
Cmd: initializeCompiler
Cmd: initializeCompiler
Cmd: initializeCompiler
Cmd: initializeCompiler
Cmd: initializeCompiler
