Base path: D:/Unity/Editor/2018.2.7f1/Editor/Data
Cmd: initializeCompiler
Cmd: compileComputeKernel
  api=4 insize=13247 outsize=72365 ok=1
Cmd: compileComputeKernel
  api=4 insize=13247 outsize=29649 ok=1
Cmd: compileComputeKernel
  api=4 insize=13247 outsize=19513 ok=1
Cmd: compileComputeKernel
  api=4 insize=13247 outsize=26021 ok=1
Cmd: compileComputeKernel
  api=4 insize=13247 outsize=20345 ok=1
Cmd: compileComputeKernel
  api=4 insize=13247 outsize=55617 ok=1
Cmd: compileComputeKernel
  api=4 insize=25381 outsize=16421 ok=1
Cmd: compileComputeKernel
  api=4 insize=2059 outsize=1517 ok=1
Cmd: compileComputeKernel
  api=4 insize=6933 outsize=4481 ok=1
Cmd: compileComputeKernel
  api=4 insize=9166 outsize=8677 ok=1
Cmd: compileComputeKernel
  api=4 insize=654 outsize=573 ok=1
Cmd: compileComputeKernel
  api=4 insize=32699 outsize=46205 ok=1
Cmd: compileComputeKernel
  api=4 insize=7414 outsize=2945 ok=1
Cmd: compileComputeKernel
  api=4 insize=15985 outsize=14349 ok=1
Cmd: compileComputeKernel
  api=4 insize=16784 outsize=5113 ok=1
Cmd: compileComputeKernel
  api=4 insize=16784 outsize=5617 ok=1
Cmd: compileComputeKernel
  api=4 insize=16784 outsize=7397 ok=1
Cmd: compileComputeKernel
  api=4 insize=16784 outsize=6805 ok=1
Cmd: compileComputeKernel
  api=4 insize=16784 outsize=8317 ok=1
Cmd: compileComputeKernel
  api=4 insize=16784 outsize=7573 ok=1
Cmd: compileComputeKernel
  api=4 insize=16784 outsize=7381 ok=1
Cmd: compileComputeKernel
  api=4 insize=16784 outsize=7973 ok=1
Cmd: compileComputeKernel
  api=4 insize=16784 outsize=10925 ok=1
Cmd: compileComputeKernel
  api=4 insize=2845 outsize=4189 ok=1
Cmd: initializeCompiler
Cmd: initializeCompiler
Cmd: initializeCompiler
Cmd: initializeCompiler
Cmd: compileSnippet
  api=4 type=1 insize=44133 outsize=5974 kw=DEBUG_DISPLAY pd=UNITY_ENABLE_REFLECTION_BUFFERS UNITY_USE_DITHER_MASK_FOR_ALPHABLENDED_SHADOWS UNITY_PBS_USE_BRDF1 UNITY_SPECCUBE_BOX_PROJECTION UNITY_SPECCUBE_BLENDING UNITY_ENABLE_DETAIL_NORMALMAP SHADER_API_DESKTOP UNITY_LIGHT_PROBE_PROXY_VOLUME UNITY_LIGHTMAP_FULL_HDR ok=1
Cmd: disassembleShader
  api=4 insize=5974 outsize=9089 ok=1
Cmd: disassembleShader
  api=4 insize=1922 outsize=3216 ok=1
Cmd: compileSnippet
  api=4 type=0 insize=43131 outsize=1462 kw=LIGHTLOOP_TILE_PASS USE_FPTL_LIGHTLIST pd=UNITY_ENABLE_REFLECTION_BUFFERS UNITY_USE_DITHER_MASK_FOR_ALPHABLENDED_SHADOWS UNITY_PBS_USE_BRDF1 UNITY_SPECCUBE_BOX_PROJECTION UNITY_SPECCUBE_BLENDING UNITY_ENABLE_DETAIL_NORMALMAP SHADER_API_DESKTOP UNITY_LIGHT_PROBE_PROXY_VOLUME UNITY_LIGHTMAP_FULL_HDR ok=1
Cmd: disassembleShader
  api=4 insize=1462 outsize=2505 ok=1
Cmd: compileSnippet
  api=4 type=0 insize=43131 outsize=1462 kw=LIGHTLOOP_SINGLE_PASS DEBUG_DISPLAY USE_CLUSTERED_LIGHTLIST pd=UNITY_ENABLE_REFLECTION_BUFFERS UNITY_USE_DITHER_MASK_FOR_ALPHABLENDED_SHADOWS UNITY_PBS_USE_BRDF1 UNITY_SPECCUBE_BOX_PROJECTION UNITY_SPECCUBE_BLENDING UNITY_ENABLE_DETAIL_NORMALMAP SHADER_API_DESKTOP UNITY_LIGHT_PROBE_PROXY_VOLUME UNITY_LIGHTMAP_FULL_HDR ok=1
Cmd: disassembleShader
  api=4 insize=1462 outsize=2505 ok=1
Cmd: compileSnippet
  error: 1 plat 4 at CoreRP/ShaderLibrary/AreaLighting.hlsl(24): floating point division by zero\nCompiling Fragment program with DIRLIGHTMAP_COMBINED LIGHTLOOP_SINGLE_PASS USE_FPTL_LIGHTLIST
Platform defines: UNITY_ENABLE_REFLECTION_BUFFERS UNITY_USE_DITHER_MASK_FOR_ALPHABLENDED_SHADOWS UNITY_PBS_USE_BRDF1 UNITY_SPECCUBE_BOX_PROJECTION UNITY_SPECCUBE_BLENDING UNITY_ENABLE_DETAIL_NORMALMAP SHADER_API_DESKTOP UNITY_LIGHT_PROBE_PROXY_VOLUME UNITY_LIGHTMAP_FULL_HDR
  error: 1 plat 4 at CoreRP/ShaderLibrary/AreaLighting.hlsl(150): floating point division by zero\nCompiling Fragment program with DIRLIGHTMAP_COMBINED LIGHTLOOP_SINGLE_PASS USE_FPTL_LIGHTLIST
Platform defines: UNITY_ENABLE_REFLECTION_BUFFERS UNITY_USE_DITHER_MASK_FOR_ALPHABLENDED_SHADOWS UNITY_PBS_USE_BRDF1 UNITY_SPECCUBE_BOX_PROJECTION UNITY_SPECCUBE_BLENDING UNITY_ENABLE_DETAIL_NORMALMAP SHADER_API_DESKTOP UNITY_LIGHT_PROBE_PROXY_VOLUME UNITY_LIGHTMAP_FULL_HDR
  error: 1 plat 4 at Lit/Lit.hlsl(932): floating point division by zero\nCompiling Fragment program with DIRLIGHTMAP_COMBINED LIGHTLOOP_SINGLE_PASS USE_FPTL_LIGHTLIST
Platform defines: UNITY_ENABLE_REFLECTION_BUFFERS UNITY_USE_DITHER_MASK_FOR_ALPHABLENDED_SHADOWS UNITY_PBS_USE_BRDF1 UNITY_SPECCUBE_BOX_PROJECTION UNITY_SPECCUBE_BLENDING UNITY_ENABLE_DETAIL_NORMALMAP SHADER_API_DESKTOP UNITY_LIGHT_PROBE_PROXY_VOLUME UNITY_LIGHTMAP_FULL_HDR
  api=4 type=1 insize=43131 outsize=20610 kw=DIRLIGHTMAP_COMBINED LIGHTLOOP_SINGLE_PASS USE_FPTL_LIGHTLIST pd=UNITY_ENABLE_REFLECTION_BUFFERS UNITY_USE_DITHER_MASK_FOR_ALPHABLENDED_SHADOWS UNITY_PBS_USE_BRDF1 UNITY_SPECCUBE_BOX_PROJECTION UNITY_SPECCUBE_BLENDING UNITY_ENABLE_DETAIL_NORMALMAP SHADER_API_DESKTOP UNITY_LIGHT_PROBE_PROXY_VOLUME UNITY_LIGHTMAP_FULL_HDR ok=1
Cmd: disassembleShader
  api=4 insize=20610 outsize=32694 ok=1
Cmd: disassembleShader
  api=4 insize=5974 outsize=9089 ok=1
Cmd: disassembleShader
  api=4 insize=922 outsize=1684 ok=1
Cmd: disassembleShader
  api=4 insize=1462 outsize=2505 ok=1
Cmd: disassembleShader
  api=4 insize=1462 outsize=2505 ok=1
Cmd: disassembleShader
  api=4 insize=1462 outsize=2505 ok=1
Cmd: disassembleShader
  api=4 insize=22182 outsize=34912 ok=1
Cmd: compileSnippet
  error: 1 plat 4 at CoreRP/ShaderLibrary/AreaLighting.hlsl(24): floating point division by zero\nCompiling Fragment program with DIRLIGHTMAP_COMBINED LIGHTLOOP_SINGLE_PASS DEBUG_DISPLAY USE_FPTL_LIGHTLIST
Platform defines: UNITY_ENABLE_REFLECTION_BUFFERS UNITY_USE_DITHER_MASK_FOR_ALPHABLENDED_SHADOWS UNITY_PBS_USE_BRDF1 UNITY_SPECCUBE_BOX_PROJECTION UNITY_SPECCUBE_BLENDING UNITY_ENABLE_DETAIL_NORMALMAP SHADER_API_DESKTOP UNITY_LIGHT_PROBE_PROXY_VOLUME UNITY_LIGHTMAP_FULL_HDR
  error: 1 plat 4 at CoreRP/ShaderLibrary/AreaLighting.hlsl(150): floating point division by zero\nCompiling Fragment program with DIRLIGHTMAP_COMBINED LIGHTLOOP_SINGLE_PASS DEBUG_DISPLAY USE_FPTL_LIGHTLIST
Platform defines: UNITY_ENABLE_REFLECTION_BUFFERS UNITY_USE_DITHER_MASK_FOR_ALPHABLENDED_SHADOWS UNITY_PBS_USE_BRDF1 UNITY_SPECCUBE_BOX_PROJECTION UNITY_SPECCUBE_BLENDING UNITY_ENABLE_DETAIL_NORMALMAP SHADER_API_DESKTOP UNITY_LIGHT_PROBE_PROXY_VOLUME UNITY_LIGHTMAP_FULL_HDR
  error: 1 plat 4 at Lit/Lit.hlsl(932): floating point division by zero\nCompiling Fragment program with DIRLIGHTMAP_COMBINED LIGHTLOOP_SINGLE_PASS DEBUG_DISPLAY USE_FPTL_LIGHTLIST
Platform defines: UNITY_ENABLE_REFLECTION_BUFFERS UNITY_USE_DITHER_MASK_FOR_ALPHABLENDED_SHADOWS UNITY_PBS_USE_BRDF1 UNITY_SPECCUBE_BOX_PROJECTION UNITY_SPECCUBE_BLENDING UNITY_ENABLE_DETAIL_NORMALMAP SHADER_API_DESKTOP UNITY_LIGHT_PROBE_PROXY_VOLUME UNITY_LIGHTMAP_FULL_HDR
  api=4 type=1 insize=43131 outsize=40958 kw=DIRLIGHTMAP_COMBINED LIGHTLOOP_SINGLE_PASS DEBUG_DISPLAY USE_FPTL_LIGHTLIST pd=UNITY_ENABLE_REFLECTION_BUFFERS UNITY_USE_DITHER_MASK_FOR_ALPHABLENDED_SHADOWS UNITY_PBS_USE_BRDF1 UNITY_SPECCUBE_BOX_PROJECTION UNITY_SPECCUBE_BLENDING UNITY_ENABLE_DETAIL_NORMALMAP SHADER_API_DESKTOP UNITY_LIGHT_PROBE_PROXY_VOLUME UNITY_LIGHTMAP_FULL_HDR ok=1
Cmd: disassembleShader
  api=4 insize=40958 outsize=71639 ok=1
Cmd: initializeCompiler
Cmd: initializeCompiler
Cmd: initializeCompiler
Cmd: initializeCompiler
Cmd: initializeCompiler
Cmd: initializeCompiler
Cmd: initializeCompiler
